{"/opt/code/neat/src/lib/server/fizzy.ts": {"path":"/opt/code/neat/src/lib/server/fizzy.ts","statementMap":{"0":{"start":{"line":5,"column":1},"end":{"line":5,"column":null}},"1":{"start":{"line":9,"column":1},"end":{"line":9,"column":null}},"2":{"start":{"line":24,"column":1},"end":{"line":26,"column":null}},"3":{"start":{"line":25,"column":2},"end":{"line":25,"column":null}},"4":{"start":{"line":28,"column":18},"end":{"line":35,"column":null}},"5":{"start":{"line":37,"column":1},"end":{"line":37,"column":null}},"6":{"start":{"line":42,"column":1},"end":{"line":42,"column":null}},"7":{"start":{"line":47,"column":1},"end":{"line":50,"column":null}},"8":{"start":{"line":55,"column":1},"end":{"line":58,"column":null}},"9":{"start":{"line":63,"column":1},"end":{"line":65,"column":null}}},"fnMap":{"0":{"name":"isMockMode","decl":{"start":{"line":4,"column":9},"end":{"line":4,"column":31}},"loc":{"start":{"line":4,"column":31},"end":{"line":6,"column":null}},"line":4},"1":{"name":"getApiBase","decl":{"start":{"line":8,"column":9},"end":{"line":8,"column":22}},"loc":{"start":{"line":8,"column":22},"end":{"line":10,"column":null}},"line":8},"2":{"name":"fizzyFetch","decl":{"start":{"line":19,"column":15},"end":{"line":19,"column":null}},"loc":{"start":{"line":22,"column":29},"end":{"line":38,"column":null}},"line":22},"3":{"name":"getCard","decl":{"start":{"line":41,"column":22},"end":{"line":41,"column":30}},"loc":{"start":{"line":41,"column":50},"end":{"line":43,"column":null}},"line":41},"4":{"name":"addComment","decl":{"start":{"line":46,"column":22},"end":{"line":46,"column":33}},"loc":{"start":{"line":46,"column":67},"end":{"line":51,"column":null}},"line":46},"5":{"name":"moveCard","decl":{"start":{"line":54,"column":22},"end":{"line":54,"column":31}},"loc":{"start":{"line":54,"column":69},"end":{"line":59,"column":null}},"line":54},"6":{"name":"closeCard","decl":{"start":{"line":62,"column":22},"end":{"line":62,"column":32}},"loc":{"start":{"line":62,"column":52},"end":{"line":66,"column":null}},"line":62}},"branchMap":{"0":{"loc":{"start":{"line":5,"column":8},"end":{"line":5,"column":null}},"type":"binary-expr","locations":[{"start":{"line":5,"column":8},"end":{"line":5,"column":37}},{"start":{"line":5,"column":37},"end":{"line":5,"column":null}}],"line":5},"1":{"loc":{"start":{"line":21,"column":1},"end":{"line":21,"column":null}},"type":"default-arg","locations":[{"start":{"line":21,"column":24},"end":{"line":21,"column":null}}],"line":21},"2":{"loc":{"start":{"line":24,"column":1},"end":{"line":26,"column":null}},"type":"if","locations":[{"start":{"line":24,"column":1},"end":{"line":26,"column":null}},{"start":{},"end":{}}],"line":24}},"s":{"0":5,"1":5,"2":5,"3":0,"4":5,"5":5,"6":2,"7":1,"8":1,"9":1},"f":{"0":5,"1":5,"2":5,"3":2,"4":1,"5":1,"6":1},"b":{"0":[5,5],"1":[5],"2":[0,5]},"meta":{"lastBranch":3,"lastFunction":7,"lastStatement":10,"seen":{"f:4:9:4:31":0,"s:5:1:5:Infinity":0,"b:5:8:5:37:5:37:5:Infinity":0,"f:8:9:8:22":1,"s:9:1:9:Infinity":1,"f:19:15:19:Infinity":2,"b:21:24:21:Infinity":1,"b:24:1:26:Infinity:undefined:undefined:undefined:undefined":2,"s:24:1:26:Infinity":2,"s:25:2:25:Infinity":3,"s:28:18:35:Infinity":4,"s:37:1:37:Infinity":5,"f:41:22:41:30":3,"s:42:1:42:Infinity":6,"f:46:22:46:33":4,"s:47:1:50:Infinity":7,"f:54:22:54:31":5,"s:55:1:58:Infinity":8,"f:62:22:62:32":6,"s:63:1:65:Infinity":9}}}
,"/opt/code/neat/src/lib/server/db/index.ts": {"path":"/opt/code/neat/src/lib/server/db/index.ts","statementMap":{"0":{"start":{"line":8,"column":16},"end":{"line":8,"column":null}},"1":{"start":{"line":11,"column":55},"end":{"line":11,"column":null}},"2":{"start":{"line":14,"column":1},"end":{"line":24,"column":null}},"3":{"start":{"line":16,"column":8},"end":{"line":16,"column":null}},"4":{"start":{"line":17,"column":2},"end":{"line":19,"column":null}},"5":{"start":{"line":18,"column":3},"end":{"line":18,"column":null}},"6":{"start":{"line":21,"column":17},"end":{"line":21,"column":null}},"7":{"start":{"line":22,"column":2},"end":{"line":22,"column":null}},"8":{"start":{"line":23,"column":2},"end":{"line":23,"column":null}},"9":{"start":{"line":25,"column":1},"end":{"line":25,"column":null}},"10":{"start":{"line":29,"column":18},"end":{"line":33,"column":null}},"11":{"start":{"line":31,"column":2},"end":{"line":31,"column":null}}},"fnMap":{"0":{"name":"getDb","decl":{"start":{"line":13,"column":16},"end":{"line":13,"column":62}},"loc":{"start":{"line":13,"column":62},"end":{"line":26,"column":null}},"line":13},"1":{"name":"(anonymous_1)","decl":{"start":{"line":30,"column":1},"end":{"line":30,"column":5}},"loc":{"start":{"line":30,"column":14},"end":{"line":32,"column":null}},"line":30}},"branchMap":{"0":{"loc":{"start":{"line":8,"column":16},"end":{"line":8,"column":null}},"type":"binary-expr","locations":[{"start":{"line":8,"column":16},"end":{"line":8,"column":66}},{"start":{"line":8,"column":66},"end":{"line":8,"column":null}}],"line":8},"1":{"loc":{"start":{"line":14,"column":1},"end":{"line":24,"column":null}},"type":"if","locations":[{"start":{"line":14,"column":1},"end":{"line":24,"column":null}},{"start":{},"end":{}}],"line":14},"2":{"loc":{"start":{"line":17,"column":2},"end":{"line":19,"column":null}},"type":"if","locations":[{"start":{"line":17,"column":2},"end":{"line":19,"column":null}},{"start":{},"end":{}}],"line":17}},"s":{"0":6,"1":6,"2":651,"3":6,"4":6,"5":0,"6":6,"7":6,"8":6,"9":651,"10":6,"11":651},"f":{"0":651,"1":651},"b":{"0":[6,6],"1":[6,645],"2":[0,6]},"meta":{"lastBranch":3,"lastFunction":2,"lastStatement":12,"seen":{"s:8:16:8:Infinity":0,"b:8:16:8:66:8:66:8:Infinity":0,"s:11:55:11:Infinity":1,"f:13:16:13:62":0,"b:14:1:24:Infinity:undefined:undefined:undefined:undefined":1,"s:14:1:24:Infinity":2,"s:16:8:16:Infinity":3,"b:17:2:19:Infinity:undefined:undefined:undefined:undefined":2,"s:17:2:19:Infinity":4,"s:18:3:18:Infinity":5,"s:21:17:21:Infinity":6,"s:22:2:22:Infinity":7,"s:23:2:23:Infinity":8,"s:25:1:25:Infinity":9,"s:29:18:33:Infinity":10,"f:30:1:30:5":1,"s:31:2:31:Infinity":11}}}
,"/opt/code/neat/src/routes/+page.server.ts": {"path":"/opt/code/neat/src/routes/+page.server.ts","statementMap":{"0":{"start":{"line":5,"column":36},"end":{"line":18,"column":null}},"1":{"start":{"line":8,"column":20},"end":{"line":13,"column":null}},"2":{"start":{"line":15,"column":1},"end":{"line":17,"column":null}}},"fnMap":{"0":{"name":"(anonymous_0)","decl":{"start":{"line":5,"column":36},"end":{"line":5,"column":48}},"loc":{"start":{"line":5,"column":48},"end":{"line":18,"column":null}},"line":5}},"branchMap":{"0":{"loc":{"start":{"line":16,"column":8},"end":{"line":16,"column":null}},"type":"binary-expr","locations":[{"start":{"line":16,"column":8},"end":{"line":16,"column":20}},{"start":{"line":16,"column":20},"end":{"line":16,"column":null}}],"line":16}},"s":{"0":1,"1":4,"2":4},"f":{"0":4},"b":{"0":[4,2]},"meta":{"lastBranch":1,"lastFunction":1,"lastStatement":3,"seen":{"s:5:36:18:Infinity":0,"f:5:36:5:48":0,"s:8:20:13:Infinity":1,"s:15:1:17:Infinity":2,"b:16:8:16:20:16:20:16:Infinity":0}}}
,"/opt/code/neat/src/routes/api/forms/+server.ts": {"path":"/opt/code/neat/src/routes/api/forms/+server.ts","statementMap":{"0":{"start":{"line":8,"column":35},"end":{"line":16,"column":null}},"1":{"start":{"line":9,"column":16},"end":{"line":9,"column":null}},"2":{"start":{"line":11,"column":16},"end":{"line":13,"column":null}},"3":{"start":{"line":15,"column":1},"end":{"line":15,"column":null}},"4":{"start":{"line":19,"column":36},"end":{"line":32,"column":null}},"5":{"start":{"line":20,"column":15},"end":{"line":20,"column":null}},"6":{"start":{"line":22,"column":26},"end":{"line":27,"column":null}},"7":{"start":{"line":29,"column":19},"end":{"line":29,"column":null}},"8":{"start":{"line":31,"column":1},"end":{"line":31,"column":null}}},"fnMap":{"0":{"name":"(anonymous_0)","decl":{"start":{"line":8,"column":35},"end":{"line":8,"column":42}},"loc":{"start":{"line":8,"column":54},"end":{"line":16,"column":null}},"line":8},"1":{"name":"(anonymous_1)","decl":{"start":{"line":19,"column":36},"end":{"line":19,"column":43}},"loc":{"start":{"line":19,"column":59},"end":{"line":32,"column":null}},"line":19}},"branchMap":{"0":{"loc":{"start":{"line":11,"column":16},"end":{"line":13,"column":null}},"type":"cond-expr","locations":[{"start":{"line":12,"column":4},"end":{"line":12,"column":null}},{"start":{"line":13,"column":4},"end":{"line":13,"column":null}}],"line":11}},"s":{"0":1,"1":3,"2":3,"3":2,"4":1,"5":1,"6":1,"7":1,"8":1},"f":{"0":3,"1":1},"b":{"0":[1,2]},"meta":{"lastBranch":1,"lastFunction":2,"lastStatement":9,"seen":{"s:8:35:16:Infinity":0,"f:8:35:8:42":0,"s:9:16:9:Infinity":1,"s:11:16:13:Infinity":2,"b:12:4:12:Infinity:13:4:13:Infinity":0,"s:15:1:15:Infinity":3,"s:19:36:32:Infinity":4,"f:19:36:19:43":1,"s:20:15:20:Infinity":5,"s:22:26:27:Infinity":6,"s:29:19:29:Infinity":7,"s:31:1:31:Infinity":8}}}
,"/opt/code/neat/src/routes/api/forms/[id]/+server.ts": {"path":"/opt/code/neat/src/routes/api/forms/[id]/+server.ts","statementMap":{"0":{"start":{"line":7,"column":35},"end":{"line":15,"column":null}},"1":{"start":{"line":8,"column":16},"end":{"line":8,"column":null}},"2":{"start":{"line":10,"column":1},"end":{"line":12,"column":null}},"3":{"start":{"line":11,"column":2},"end":{"line":11,"column":null}},"4":{"start":{"line":14,"column":1},"end":{"line":14,"column":null}},"5":{"start":{"line":18,"column":35},"end":{"line":35,"column":null}},"6":{"start":{"line":19,"column":14},"end":{"line":19,"column":null}},"7":{"start":{"line":21,"column":19},"end":{"line":28,"column":null}},"8":{"start":{"line":30,"column":1},"end":{"line":32,"column":null}},"9":{"start":{"line":31,"column":2},"end":{"line":31,"column":null}},"10":{"start":{"line":34,"column":1},"end":{"line":34,"column":null}},"11":{"start":{"line":38,"column":38},"end":{"line":46,"column":null}},"12":{"start":{"line":39,"column":19},"end":{"line":39,"column":null}},"13":{"start":{"line":41,"column":1},"end":{"line":43,"column":null}},"14":{"start":{"line":42,"column":2},"end":{"line":42,"column":null}},"15":{"start":{"line":45,"column":1},"end":{"line":45,"column":null}}},"fnMap":{"0":{"name":"(anonymous_0)","decl":{"start":{"line":7,"column":35},"end":{"line":7,"column":42}},"loc":{"start":{"line":7,"column":57},"end":{"line":15,"column":null}},"line":7},"1":{"name":"(anonymous_1)","decl":{"start":{"line":18,"column":35},"end":{"line":18,"column":42}},"loc":{"start":{"line":18,"column":66},"end":{"line":35,"column":null}},"line":18},"2":{"name":"(anonymous_2)","decl":{"start":{"line":38,"column":38},"end":{"line":38,"column":45}},"loc":{"start":{"line":38,"column":60},"end":{"line":46,"column":null}},"line":38}},"branchMap":{"0":{"loc":{"start":{"line":10,"column":1},"end":{"line":12,"column":null}},"type":"if","locations":[{"start":{"line":10,"column":1},"end":{"line":12,"column":null}},{"start":{},"end":{}}],"line":10},"1":{"loc":{"start":{"line":30,"column":1},"end":{"line":32,"column":null}},"type":"if","locations":[{"start":{"line":30,"column":1},"end":{"line":32,"column":null}},{"start":{},"end":{}}],"line":30},"2":{"loc":{"start":{"line":41,"column":1},"end":{"line":43,"column":null}},"type":"if","locations":[{"start":{"line":41,"column":1},"end":{"line":43,"column":null}},{"start":{},"end":{}}],"line":41}},"s":{"0":1,"1":2,"2":2,"3":1,"4":1,"5":1,"6":2,"7":2,"8":2,"9":1,"10":1,"11":1,"12":2,"13":2,"14":1,"15":1},"f":{"0":2,"1":2,"2":2},"b":{"0":[1,1],"1":[1,1],"2":[1,1]},"meta":{"lastBranch":3,"lastFunction":3,"lastStatement":16,"seen":{"s:7:35:15:Infinity":0,"f:7:35:7:42":0,"s:8:16:8:Infinity":1,"b:10:1:12:Infinity:undefined:undefined:undefined:undefined":0,"s:10:1:12:Infinity":2,"s:11:2:11:Infinity":3,"s:14:1:14:Infinity":4,"s:18:35:35:Infinity":5,"f:18:35:18:42":1,"s:19:14:19:Infinity":6,"s:21:19:28:Infinity":7,"b:30:1:32:Infinity:undefined:undefined:undefined:undefined":1,"s:30:1:32:Infinity":8,"s:31:2:31:Infinity":9,"s:34:1:34:Infinity":10,"s:38:38:46:Infinity":11,"f:38:38:38:45":2,"s:39:19:39:Infinity":12,"b:41:1:43:Infinity:undefined:undefined:undefined:undefined":2,"s:41:1:43:Infinity":13,"s:42:2:42:Infinity":14,"s:45:1:45:Infinity":15}}}
,"/opt/code/neat/src/routes/api/forms/card/[cardId]/+server.ts": {"path":"/opt/code/neat/src/routes/api/forms/card/[cardId]/+server.ts","statementMap":{"0":{"start":{"line":7,"column":35},"end":{"line":15,"column":null}},"1":{"start":{"line":8,"column":16},"end":{"line":8,"column":null}},"2":{"start":{"line":10,"column":1},"end":{"line":12,"column":null}},"3":{"start":{"line":11,"column":2},"end":{"line":11,"column":null}},"4":{"start":{"line":14,"column":1},"end":{"line":14,"column":null}}},"fnMap":{"0":{"name":"(anonymous_0)","decl":{"start":{"line":7,"column":35},"end":{"line":7,"column":42}},"loc":{"start":{"line":7,"column":57},"end":{"line":15,"column":null}},"line":7}},"branchMap":{"0":{"loc":{"start":{"line":10,"column":1},"end":{"line":12,"column":null}},"type":"if","locations":[{"start":{"line":10,"column":1},"end":{"line":12,"column":null}},{"start":{},"end":{}}],"line":10}},"s":{"0":1,"1":2,"2":2,"3":1,"4":1},"f":{"0":2},"b":{"0":[1,1]},"meta":{"lastBranch":1,"lastFunction":1,"lastStatement":5,"seen":{"s:7:35:15:Infinity":0,"f:7:35:7:42":0,"s:8:16:8:Infinity":1,"b:10:1:12:Infinity:undefined:undefined:undefined:undefined":0,"s:10:1:12:Infinity":2,"s:11:2:11:Infinity":3,"s:14:1:14:Infinity":4}}}
,"/opt/code/neat/src/routes/api/queue/+server.ts": {"path":"/opt/code/neat/src/routes/api/queue/+server.ts","statementMap":{"0":{"start":{"line":7,"column":35},"end":{"line":22,"column":null}},"1":{"start":{"line":10,"column":20},"end":{"line":15,"column":null}},"2":{"start":{"line":17,"column":1},"end":{"line":19,"column":null}},"3":{"start":{"line":18,"column":2},"end":{"line":18,"column":null}},"4":{"start":{"line":21,"column":1},"end":{"line":21,"column":null}}},"fnMap":{"0":{"name":"(anonymous_0)","decl":{"start":{"line":7,"column":35},"end":{"line":7,"column":47}},"loc":{"start":{"line":7,"column":47},"end":{"line":22,"column":null}},"line":7}},"branchMap":{"0":{"loc":{"start":{"line":17,"column":1},"end":{"line":19,"column":null}},"type":"if","locations":[{"start":{"line":17,"column":1},"end":{"line":19,"column":null}},{"start":{},"end":{}}],"line":17}},"s":{"0":1,"1":5,"2":5,"3":3,"4":2},"f":{"0":5},"b":{"0":[3,2]},"meta":{"lastBranch":1,"lastFunction":1,"lastStatement":5,"seen":{"s:7:35:22:Infinity":0,"f:7:35:7:47":0,"s:10:20:15:Infinity":1,"b:17:1:19:Infinity:undefined:undefined:undefined:undefined":0,"s:17:1:19:Infinity":2,"s:18:2:18:Infinity":3,"s:21:1:21:Infinity":4}}}
,"/opt/code/neat/src/routes/api/queue/[id]/skip/+server.ts": {"path":"/opt/code/neat/src/routes/api/queue/[id]/skip/+server.ts","statementMap":{"0":{"start":{"line":7,"column":36},"end":{"line":28,"column":null}},"1":{"start":{"line":8,"column":16},"end":{"line":8,"column":null}},"2":{"start":{"line":10,"column":1},"end":{"line":12,"column":null}},"3":{"start":{"line":11,"column":2},"end":{"line":11,"column":null}},"4":{"start":{"line":13,"column":1},"end":{"line":15,"column":null}},"5":{"start":{"line":14,"column":2},"end":{"line":14,"column":null}},"6":{"start":{"line":18,"column":19},"end":{"line":25,"column":null}},"7":{"start":{"line":27,"column":1},"end":{"line":27,"column":null}}},"fnMap":{"0":{"name":"(anonymous_0)","decl":{"start":{"line":7,"column":36},"end":{"line":7,"column":43}},"loc":{"start":{"line":7,"column":58},"end":{"line":28,"column":null}},"line":7}},"branchMap":{"0":{"loc":{"start":{"line":10,"column":1},"end":{"line":12,"column":null}},"type":"if","locations":[{"start":{"line":10,"column":1},"end":{"line":12,"column":null}},{"start":{},"end":{}}],"line":10},"1":{"loc":{"start":{"line":13,"column":1},"end":{"line":15,"column":null}},"type":"if","locations":[{"start":{"line":13,"column":1},"end":{"line":15,"column":null}},{"start":{},"end":{}}],"line":13}},"s":{"0":1,"1":4,"2":4,"3":1,"4":3,"5":2,"6":1,"7":1},"f":{"0":4},"b":{"0":[1,3],"1":[2,1]},"meta":{"lastBranch":2,"lastFunction":1,"lastStatement":8,"seen":{"s:7:36:28:Infinity":0,"f:7:36:7:43":0,"s:8:16:8:Infinity":1,"b:10:1:12:Infinity:undefined:undefined:undefined:undefined":0,"s:10:1:12:Infinity":2,"s:11:2:11:Infinity":3,"b:13:1:15:Infinity:undefined:undefined:undefined:undefined":1,"s:13:1:15:Infinity":4,"s:14:2:14:Infinity":5,"s:18:19:25:Infinity":6,"s:27:1:27:Infinity":7}}}
,"/opt/code/neat/src/routes/api/queue/[id]/submit/+server.ts": {"path":"/opt/code/neat/src/routes/api/queue/[id]/submit/+server.ts","statementMap":{"0":{"start":{"line":9,"column":12},"end":{"line":9,"column":null}},"1":{"start":{"line":12,"column":36},"end":{"line":89,"column":null}},"2":{"start":{"line":14,"column":1},"end":{"line":18,"column":null}},"3":{"start":{"line":15,"column":2},"end":{"line":15,"column":null}},"4":{"start":{"line":17,"column":2},"end":{"line":17,"column":null}},"5":{"start":{"line":20,"column":22},"end":{"line":20,"column":null}},"6":{"start":{"line":23,"column":1},"end":{"line":25,"column":null}},"7":{"start":{"line":24,"column":2},"end":{"line":24,"column":null}},"8":{"start":{"line":26,"column":1},"end":{"line":28,"column":null}},"9":{"start":{"line":27,"column":2},"end":{"line":27,"column":null}},"10":{"start":{"line":31,"column":16},"end":{"line":31,"column":null}},"11":{"start":{"line":32,"column":1},"end":{"line":34,"column":null}},"12":{"start":{"line":33,"column":2},"end":{"line":33,"column":null}},"13":{"start":{"line":35,"column":1},"end":{"line":37,"column":null}},"14":{"start":{"line":36,"column":2},"end":{"line":36,"column":null}},"15":{"start":{"line":40,"column":18},"end":{"line":40,"column":null}},"16":{"start":{"line":41,"column":17},"end":{"line":41,"column":null}},"17":{"start":{"line":42,"column":1},"end":{"line":49,"column":null}},"18":{"start":{"line":43,"column":17},"end":{"line":43,"column":null}},"19":{"start":{"line":44,"column":24},"end":{"line":47,"column":null}},"20":{"start":{"line":45,"column":16},"end":{"line":45,"column":null}},"21":{"start":{"line":46,"column":3},"end":{"line":46,"column":null}},"22":{"start":{"line":48,"column":2},"end":{"line":48,"column":null}},"23":{"start":{"line":52,"column":21},"end":{"line":52,"column":null}},"24":{"start":{"line":55,"column":23},"end":{"line":55,"column":null}},"25":{"start":{"line":56,"column":1},"end":{"line":63,"column":null}},"26":{"start":{"line":59,"column":2},"end":{"line":62,"column":null}},"27":{"start":{"line":66,"column":1},"end":{"line":74,"column":null}},"28":{"start":{"line":67,"column":2},"end":{"line":71,"column":null}},"29":{"start":{"line":68,"column":3},"end":{"line":68,"column":null}},"30":{"start":{"line":69,"column":2},"end":{"line":71,"column":null}},"31":{"start":{"line":70,"column":3},"end":{"line":70,"column":null}},"32":{"start":{"line":73,"column":2},"end":{"line":73,"column":null}},"33":{"start":{"line":77,"column":19},"end":{"line":86,"column":null}},"34":{"start":{"line":88,"column":1},"end":{"line":88,"column":null}},"35":{"start":{"line":93,"column":15},"end":{"line":93,"column":null}},"36":{"start":{"line":95,"column":1},"end":{"line":99,"column":null}},"37":{"start":{"line":97,"column":16},"end":{"line":97,"column":null}},"38":{"start":{"line":97,"column":68},"end":{"line":97,"column":83}},"39":{"start":{"line":98,"column":2},"end":{"line":98,"column":null}},"40":{"start":{"line":101,"column":1},"end":{"line":105,"column":null}},"41":{"start":{"line":107,"column":1},"end":{"line":107,"column":null}}},"fnMap":{"0":{"name":"(anonymous_0)","decl":{"start":{"line":12,"column":36},"end":{"line":12,"column":43}},"loc":{"start":{"line":12,"column":67},"end":{"line":89,"column":null}},"line":12},"1":{"name":"(anonymous_1)","decl":{"start":{"line":44,"column":35},"end":{"line":44,"column":36}},"loc":{"start":{"line":44,"column":44},"end":{"line":47,"column":3}},"line":44},"2":{"name":"formatResponseAsComment","decl":{"start":{"line":92,"column":9},"end":{"line":92,"column":33}},"loc":{"start":{"line":92,"column":91},"end":{"line":108,"column":null}},"line":92},"3":{"name":"(anonymous_3)","decl":{"start":{"line":97,"column":61},"end":{"line":97,"column":62}},"loc":{"start":{"line":97,"column":68},"end":{"line":97,"column":83}},"line":97}},"branchMap":{"0":{"loc":{"start":{"line":23,"column":1},"end":{"line":25,"column":null}},"type":"if","locations":[{"start":{"line":23,"column":1},"end":{"line":25,"column":null}},{"start":{},"end":{}}],"line":23},"1":{"loc":{"start":{"line":23,"column":5},"end":{"line":23,"column":50}},"type":"binary-expr","locations":[{"start":{"line":23,"column":5},"end":{"line":23,"column":26}},{"start":{"line":23,"column":26},"end":{"line":23,"column":50}}],"line":23},"2":{"loc":{"start":{"line":26,"column":1},"end":{"line":28,"column":null}},"type":"if","locations":[{"start":{"line":26,"column":1},"end":{"line":28,"column":null}},{"start":{},"end":{}}],"line":26},"3":{"loc":{"start":{"line":26,"column":5},"end":{"line":26,"column":62}},"type":"binary-expr","locations":[{"start":{"line":26,"column":5},"end":{"line":26,"column":37}},{"start":{"line":26,"column":37},"end":{"line":26,"column":62}}],"line":26},"4":{"loc":{"start":{"line":32,"column":1},"end":{"line":34,"column":null}},"type":"if","locations":[{"start":{"line":32,"column":1},"end":{"line":34,"column":null}},{"start":{},"end":{}}],"line":32},"5":{"loc":{"start":{"line":35,"column":1},"end":{"line":37,"column":null}},"type":"if","locations":[{"start":{"line":35,"column":1},"end":{"line":37,"column":null}},{"start":{},"end":{}}],"line":35},"6":{"loc":{"start":{"line":42,"column":1},"end":{"line":49,"column":null}},"type":"if","locations":[{"start":{"line":42,"column":1},"end":{"line":49,"column":null}},{"start":{},"end":{}}],"line":42},"7":{"loc":{"start":{"line":43,"column":17},"end":{"line":43,"column":null}},"type":"binary-expr","locations":[{"start":{"line":43,"column":17},"end":{"line":43,"column":36}},{"start":{"line":43,"column":36},"end":{"line":43,"column":null}}],"line":43},"8":{"loc":{"start":{"line":45,"column":16},"end":{"line":45,"column":null}},"type":"binary-expr","locations":[{"start":{"line":45,"column":16},"end":{"line":45,"column":36}},{"start":{"line":45,"column":36},"end":{"line":45,"column":null}}],"line":45},"9":{"loc":{"start":{"line":56,"column":1},"end":{"line":63,"column":null}},"type":"if","locations":[{"start":{"line":56,"column":1},"end":{"line":63,"column":null}},{"start":{},"end":{}}],"line":56},"10":{"loc":{"start":{"line":61,"column":18},"end":{"line":61,"column":69}},"type":"binary-expr","locations":[{"start":{"line":61,"column":18},"end":{"line":61,"column":41}},{"start":{"line":61,"column":41},"end":{"line":61,"column":69}}],"line":61},"11":{"loc":{"start":{"line":67,"column":2},"end":{"line":71,"column":null}},"type":"if","locations":[{"start":{"line":67,"column":2},"end":{"line":71,"column":null}},{"start":{"line":69,"column":2},"end":{"line":71,"column":null}}],"line":67},"12":{"loc":{"start":{"line":69,"column":2},"end":{"line":71,"column":null}},"type":"if","locations":[{"start":{"line":69,"column":2},"end":{"line":71,"column":null}},{"start":{},"end":{}}],"line":69},"13":{"loc":{"start":{"line":69,"column":13},"end":{"line":69,"column":60}},"type":"binary-expr","locations":[{"start":{"line":69,"column":13},"end":{"line":69,"column":41}},{"start":{"line":69,"column":41},"end":{"line":69,"column":60}}],"line":69}},"s":{"0":1,"1":1,"2":10,"3":10,"4":0,"5":10,"6":10,"7":0,"8":10,"9":0,"10":10,"11":10,"12":1,"13":9,"14":1,"15":8,"16":8,"17":8,"18":3,"19":3,"20":3,"21":3,"22":3,"23":5,"24":5,"25":5,"26":1,"27":5,"28":5,"29":1,"30":4,"31":1,"32":0,"33":5,"34":5,"35":5,"36":5,"37":6,"38":6,"39":6,"40":5,"41":5},"f":{"0":10,"1":3,"2":5,"3":6},"b":{"0":[0,10],"1":[10,10],"2":[0,10],"3":[10,10],"4":[1,9],"5":[1,8],"6":[3,5],"7":[3,0],"8":[3,1],"9":[1,4],"10":[1,0],"11":[1,4],"12":[1,3],"13":[4,1]},"meta":{"lastBranch":14,"lastFunction":4,"lastStatement":42,"seen":{"s:9:12:9:Infinity":0,"s:12:36:89:Infinity":1,"f:12:36:12:43":0,"s:14:1:18:Infinity":2,"s:15:2:15:Infinity":3,"s:17:2:17:Infinity":4,"s:20:22:20:Infinity":5,"b:23:1:25:Infinity:undefined:undefined:undefined:undefined":0,"s:23:1:25:Infinity":6,"b:23:5:23:26:23:26:23:50":1,"s:24:2:24:Infinity":7,"b:26:1:28:Infinity:undefined:undefined:undefined:undefined":2,"s:26:1:28:Infinity":8,"b:26:5:26:37:26:37:26:62":3,"s:27:2:27:Infinity":9,"s:31:16:31:Infinity":10,"b:32:1:34:Infinity:undefined:undefined:undefined:undefined":4,"s:32:1:34:Infinity":11,"s:33:2:33:Infinity":12,"b:35:1:37:Infinity:undefined:undefined:undefined:undefined":5,"s:35:1:37:Infinity":13,"s:36:2:36:Infinity":14,"s:40:18:40:Infinity":15,"s:41:17:41:Infinity":16,"b:42:1:49:Infinity:undefined:undefined:undefined:undefined":6,"s:42:1:49:Infinity":17,"s:43:17:43:Infinity":18,"b:43:17:43:36:43:36:43:Infinity":7,"s:44:24:47:Infinity":19,"f:44:35:44:36":1,"s:45:16:45:Infinity":20,"b:45:16:45:36:45:36:45:Infinity":8,"s:46:3:46:Infinity":21,"s:48:2:48:Infinity":22,"s:52:21:52:Infinity":23,"s:55:23:55:Infinity":24,"b:56:1:63:Infinity:undefined:undefined:undefined:undefined":9,"s:56:1:63:Infinity":25,"s:59:2:62:Infinity":26,"b:61:18:61:41:61:41:61:69":10,"s:66:1:74:Infinity":27,"b:67:2:71:Infinity:69:2:71:Infinity":11,"s:67:2:71:Infinity":28,"s:68:3:68:Infinity":29,"b:69:2:71:Infinity:undefined:undefined:undefined:undefined":12,"s:69:2:71:Infinity":30,"b:69:13:69:41:69:41:69:60":13,"s:70:3:70:Infinity":31,"s:73:2:73:Infinity":32,"s:77:19:86:Infinity":33,"s:88:1:88:Infinity":34,"f:92:9:92:33":2,"s:93:15:93:Infinity":35,"s:95:1:99:Infinity":36,"s:97:16:97:Infinity":37,"f:97:61:97:62":3,"s:97:68:97:83":38,"s:98:2:98:Infinity":39,"s:101:1:105:Infinity":40,"s:107:1:107:Infinity":41}}}
,"/opt/code/neat/src/routes/health/+server.ts": {"path":"/opt/code/neat/src/routes/health/+server.ts","statementMap":{"0":{"start":{"line":5,"column":35},"end":{"line":10,"column":null}},"1":{"start":{"line":6,"column":1},"end":{"line":9,"column":null}}},"fnMap":{"0":{"name":"(anonymous_0)","decl":{"start":{"line":5,"column":35},"end":{"line":5,"column":47}},"loc":{"start":{"line":5,"column":47},"end":{"line":10,"column":null}},"line":5}},"branchMap":{},"s":{"0":1,"1":1},"f":{"0":1},"b":{},"meta":{"lastBranch":0,"lastFunction":1,"lastStatement":2,"seen":{"s:5:35:10:Infinity":0,"f:5:35:5:47":0,"s:6:1:9:Infinity":1}}}
}
